<?xml version="1.0" encoding="UTF-8"?>
<testsuite name="com.example.connectivity_kit.domain.ObserveNetworkStatusUseCaseTest" tests="1" skipped="0" failures="0" errors="0" timestamp="2026-08-11T12:07:22.988Z" hostname="Hebas-Mac-mini.local" time="0.385">
  <properties/>
  <testcase name="invoke delegates to repository observeNetworkStatus" classname="com.example.connectivity_kit.domain.ObserveNetworkStatusUseCaseTest" time="0.385"/>
  <system-out><![CDATA[]]></system-out>
  <system-err><![CDATA[]]></system-err>
</testsuite>
